# JRE version: Java(TM) SE Runtime Environment (8.0_144-b01) (build 1.8.0_144-b01)
# Java VM: Java HotSpot(TM) 64-Bit Server VM (25.144-b01 mixed mode windows-amd64 compressed oops)
Heap:
 def new generation   total 12288K, used 10395K [0x00000000e4000000, 0x00000000e4d50000, 0x00000000ed550000)
  eden space 10944K,  84% used [0x00000000e4000000, 0x00000000e4911ab8, 0x00000000e4ab0000)
  from space 1344K,  82% used [0x00000000e4ab0000, 0x00000000e4bc5270, 0x00000000e4c00000)
  to   space 1344K,   0% used [0x00000000e4c00000, 0x00000000e4c00000, 0x00000000e4d50000)
 tenured generation   total 27204K, used 21480K [0x00000000ed550000, 0x00000000eefe1000, 0x0000000100000000)
   the space 27204K,  78% used [0x00000000ed550000, 0x00000000eea4a2a0, 0x00000000eea4a400, 0x00000000eefe1000)
 Metaspace       used 19604K, capacity 19808K, committed 20096K, reserved 1067008K
  class space    used 2562K, capacity 2606K, committed 2688K, reserved 1048576K
GC Heap History (10 events):
Event: 1.479 GC heap before
{Heap before GC invocations=13 (full 0):
 def new generation   total 8640K, used 8639K [0x00000000e4000000, 0x00000000e4950000, 0x00000000ed550000)
  eden space 7744K, 100% used [0x00000000e4000000, 0x00000000e4790000, 0x00000000e4790000)
  from space 896K,  99% used [0x00000000e4870000, 0x00000000e494fff0, 0x00000000e4950000)
  to   space 896K,   0% used [0x00000000e4790000, 0x00000000e4790000, 0x00000000e4870000)
 tenured generation   total 19136K, used 18384K [0x00000000ed550000, 0x00000000ee800000, 0x0000000100000000)
   the space 19136K,  96% used [0x00000000ed550000, 0x00000000ee744268, 0x00000000ee744400, 0x00000000ee800000)
 Metaspace       used 13098K, capacity 13254K, committed 13312K, reserved 1060864K
  class space    used 1730K, capacity 1759K, committed 1792K, reserved 1048576K
Event: 1.528 GC heap after
Heap after GC invocations=14 (full 1):
 def new generation   total 12288K, used 0K [0x00000000e4000000, 0x00000000e4d50000, 0x00000000ed550000)
  eden space 10944K,   0% used [0x00000000e4000000, 0x00000000e4000000, 0x00000000e4ab0000)
  from space 1344K,   0% used [0x00000000e4ab0000, 0x00000000e4ab0000, 0x00000000e4c00000)
  to   space 1344K,   0% used [0x00000000e4c00000, 0x00000000e4c00000, 0x00000000e4d50000)
 tenured generation   total 27204K, used 16321K [0x00000000ed550000, 0x00000000eefe1000, 0x0000000100000000)
   the space 27204K,  59% used [0x00000000ed550000, 0x00000000ee540608, 0x00000000ee540800, 0x00000000eefe1000)
 Metaspace       used 13098K, capacity 13254K, committed 13312K, reserved 1060864K
  class space    used 1730K, capacity 1759K, committed 1792K, reserved 1048576K
}
Event: 1.741 GC heap before
{Heap before GC invocations=14 (full 1):
 def new generation   total 12288K, used 10944K [0x00000000e4000000, 0x00000000e4d50000, 0x00000000ed550000)
  eden space 10944K, 100% used [0x00000000e4000000, 0x00000000e4ab0000, 0x00000000e4ab0000)
  from space 1344K,   0% used [0x00000000e4ab0000, 0x00000000e4ab0000, 0x00000000e4c00000)
  to   space 1344K,   0% used [0x00000000e4c00000, 0x00000000e4c00000, 0x00000000e4d50000)
 tenured generation   total 27204K, used 16321K [0x00000000ed550000, 0x00000000eefe1000, 0x0000000100000000)
   the space 27204K,  59% used [0x00000000ed550000, 0x00000000ee540608, 0x00000000ee540800, 0x00000000eefe1000)
 Metaspace       used 14873K, capacity 15058K, committed 15104K, reserved 1062912K
  class space    used 1960K, capacity 2017K, committed 2048K, reserved 1048576K
Event: 1.747 GC heap after
Heap after GC invocations=15 (full 1):
 def new generation   total 12288K, used 1344K [0x00000000e4000000, 0x00000000e4d50000, 0x00000000ed550000)
  eden space 10944K,   0% used [0x00000000e4000000, 0x00000000e4000000, 0x00000000e4ab0000)
  from space 1344K, 100% used [0x00000000e4c00000, 0x00000000e4d50000, 0x00000000e4d50000)
  to   space 1344K,   0% used [0x00000000e4ab0000, 0x00000000e4ab0000, 0x00000000e4c00000)
 tenured generation   total 27204K, used 17172K [0x00000000ed550000, 0x00000000eefe1000, 0x0000000100000000)
   the space 27204K,  63% used [0x00000000ed550000, 0x00000000ee615008, 0x00000000ee615200, 0x00000000eefe1000)
 Metaspace       used 14873K, capacity 15058K, committed 15104K, reserved 1062912K
  class space    used 1960K, capacity 2017K, committed 2048K, reserved 1048576K
}
Event: 2.012 GC heap before
{Heap before GC invocations=15 (full 1):
 def new generation   total 12288K, used 12288K [0x00000000e4000000, 0x00000000e4d50000, 0x00000000ed550000)
  eden space 10944K, 100% used [0x00000000e4000000, 0x00000000e4ab0000, 0x00000000e4ab0000)
  from space 1344K, 100% used [0x00000000e4c00000, 0x00000000e4d50000, 0x00000000e4d50000)
  to   space 1344K,   0% used [0x00000000e4ab0000, 0x00000000e4ab0000, 0x00000000e4c00000)
 tenured generation   total 27204K, used 17172K [0x00000000ed550000, 0x00000000eefe1000, 0x0000000100000000)
   the space 27204K,  63% used [0x00000000ed550000, 0x00000000ee615008, 0x00000000ee615200, 0x00000000eefe1000)
 Metaspace       used 16773K, capacity 16946K, committed 17280K, reserved 1064960K
  class space    used 2253K, capacity 2305K, committed 2432K, reserved 1048576K
Event: 2.019 GC heap after
Heap after GC invocations=16 (full 1):
 def new generation   total 12288K, used 1344K [0x00000000e4000000, 0x00000000e4d50000, 0x00000000ed550000)
  eden space 10944K,   0% used [0x00000000e4000000, 0x00000000e4000000, 0x00000000e4ab0000)
  from space 1344K, 100% used [0x00000000e4ab0000, 0x00000000e4c00000, 0x00000000e4c00000)
  to   space 1344K,   0% used [0x00000000e4c00000, 0x00000000e4c00000, 0x00000000e4d50000)
 tenured generation   total 27204K, used 18839K [0x00000000ed550000, 0x00000000eefe1000, 0x0000000100000000)
   the space 27204K,  69% used [0x00000000ed550000, 0x00000000ee7b5c80, 0x00000000ee7b5e00, 0x00000000eefe1000)
 Metaspace       used 16773K, capacity 16946K, committed 17280K, reserved 1064960K
  class space    used 2253K, capacity 2305K, committed 2432K, reserved 1048576K
}
Event: 2.256 GC heap before
{Heap before GC invocations=16 (full 1):
 def new generation   total 12288K, used 12288K [0x00000000e4000000, 0x00000000e4d50000, 0x00000000ed550000)
  eden space 10944K, 100% used [0x00000000e4000000, 0x00000000e4ab0000, 0x00000000e4ab0000)
  from space 1344K, 100% used [0x00000000e4ab0000, 0x00000000e4c00000, 0x00000000e4c00000)
  to   space 1344K,   0% used [0x00000000e4c00000, 0x00000000e4c00000, 0x00000000e4d50000)
 tenured generation   total 27204K, used 18839K [0x00000000ed550000, 0x00000000eefe1000, 0x0000000100000000)
   the space 27204K,  69% used [0x00000000ed550000, 0x00000000ee7b5c80, 0x00000000ee7b5e00, 0x00000000eefe1000)
 Metaspace       used 17838K, capacity 17980K, committed 18048K, reserved 1064960K
  class space    used 2369K, capacity 2408K, committed 2432K, reserved 1048576K
Event: 2.265 GC heap after
Heap after GC invocations=17 (full 1):
 def new generation   total 12288K, used 1344K [0x00000000e4000000, 0x00000000e4d50000, 0x00000000ed550000)
  eden space 10944K,   0% used [0x00000000e4000000, 0x00000000e4000000, 0x00000000e4ab0000)
  from space 1344K, 100% used [0x00000000e4c00000, 0x00000000e4d50000, 0x00000000e4d50000)
  to   space 1344K,   0% used [0x00000000e4ab0000, 0x00000000e4ab0000, 0x00000000e4c00000)
 tenured generation   total 27204K, used 20191K [0x00000000ed550000, 0x00000000eefe1000, 0x0000000100000000)
   the space 27204K,  74% used [0x00000000ed550000, 0x00000000ee907e90, 0x00000000ee908000, 0x00000000eefe1000)
 Metaspace       used 17838K, capacity 17980K, committed 18048K, reserved 1064960K
  class space    used 2369K, capacity 2408K, committed 2432K, reserved 1048576K
}
Event: 2.440 GC heap before
{Heap before GC invocations=17 (full 1):
 def new generation   total 12288K, used 12288K [0x00000000e4000000, 0x00000000e4d50000, 0x00000000ed550000)
  eden space 10944K, 100% used [0x00000000e4000000, 0x00000000e4ab0000, 0x00000000e4ab0000)
  from space 1344K, 100% used [0x00000000e4c00000, 0x00000000e4d50000, 0x00000000e4d50000)
  to   space 1344K,   0% used [0x00000000e4ab0000, 0x00000000e4ab0000, 0x00000000e4c00000)
 tenured generation   total 27204K, used 20191K [0x00000000ed550000, 0x00000000eefe1000, 0x0000000100000000)
   the space 27204K,  74% used [0x00000000ed550000, 0x00000000ee907e90, 0x00000000ee908000, 0x00000000eefe1000)
 Metaspace       used 18362K, capacity 18522K, committed 18688K, reserved 1064960K
  class space    used 2430K, capacity 2477K, committed 2560K, reserved 1048576K
Event: 2.449 GC heap after
Heap after GC invocations=18 (full 1):
 def new generation   total 12288K, used 1108K [0x00000000e4000000, 0x00000000e4d50000, 0x00000000ed550000)
  eden space 10944K,   0% used [0x00000000e4000000, 0x00000000e4000000, 0x00000000e4ab0000)
  from space 1344K,  82% used [0x00000000e4ab0000, 0x00000000e4bc5270, 0x00000000e4c00000)
  to   space 1344K,   0% used [0x00000000e4c00000, 0x00000000e4c00000, 0x00000000e4d50000)
 tenured generation   total 27204K, used 21480K [0x00000000ed550000, 0x00000000eefe1000, 0x0000000100000000)
   the space 27204K,  78% used [0x00000000ed550000, 0x00000000eea4a2a0, 0x00000000eea4a400, 0x00000000eefe1000)
 Metaspace       used 18362K, capacity 18522K, committed 18688K, reserved 1064960K
  class space    used 2430K, capacity 2477K, committed 2560K, reserved 1048576K
}

