# JRE version: OpenJDK Runtime Environment (8.0_232-b09) (build 1.8.0_232-b09)
# Java VM: OpenJDK 64-Bit Server VM (25.232-b09 mixed mode windows-amd64 compressed oops)
Heap:
 PSYoungGen      total 331776K, used 89947K [0x00000000db100000, 0x00000000f0580000, 0x0000000100000000)
  eden space 320512K, 27% used [0x00000000db100000,0x00000000e089ec70,0x00000000eea00000)
  from space 11264K, 1% used [0x00000000eea00000,0x00000000eea38000,0x00000000ef500000)
  to   space 10752K, 0% used [0x00000000efb00000,0x00000000efb00000,0x00000000f0580000)
 ParOldGen       total 83456K, used 26571K [0x0000000091200000, 0x0000000096380000, 0x00000000db100000)
  object space 83456K, 31% used [0x0000000091200000,0x0000000092bf2c08,0x0000000096380000)
 Metaspace       used 23141K, capacity 23439K, committed 23552K, reserved 1071104K
  class space    used 2710K, capacity 2780K, committed 2816K, reserved 1048576K
GC Heap History (10 events):
Event: 30.620 GC heap before
{Heap before GC invocations=20 (full 1):
 PSYoungGen      total 323072K, used 311566K [0x00000000db100000, 0x00000000efb80000, 0x0000000100000000)
  eden space 310784K, 100% used [0x00000000db100000,0x00000000ee080000,0x00000000ee080000)
  from space 12288K, 6% used [0x00000000eef80000,0x00000000ef043890,0x00000000efb80000)
  to   space 13824K, 0% used [0x00000000ee080000,0x00000000ee080000,0x00000000eee00000)
 ParOldGen       total 83456K, used 25903K [0x0000000091200000, 0x0000000096380000, 0x00000000db100000)
  object space 83456K, 31% used [0x0000000091200000,0x0000000092b4bd70,0x0000000096380000)
 Metaspace       used 23140K, capacity 23439K, committed 23552K, reserved 1071104K
  class space    used 2710K, capacity 2780K, committed 2816K, reserved 1048576K
Event: 30.622 GC heap after
Heap after GC invocations=20 (full 1):
 PSYoungGen      total 324608K, used 782K [0x00000000db100000, 0x00000000f0180000, 0x0000000100000000)
  eden space 310784K, 0% used [0x00000000db100000,0x00000000db100000,0x00000000ee080000)
  from space 13824K, 5% used [0x00000000ee080000,0x00000000ee143890,0x00000000eee00000)
  to   space 12800K, 0% used [0x00000000ef500000,0x00000000ef500000,0x00000000f0180000)
 ParOldGen       total 83456K, used 25911K [0x0000000091200000, 0x0000000096380000, 0x00000000db100000)
  object space 83456K, 31% used [0x0000000091200000,0x0000000092b4dd70,0x0000000096380000)
 Metaspace       used 23140K, capacity 23439K, committed 23552K, reserved 1071104K
  class space    used 2710K, capacity 2780K, committed 2816K, reserved 1048576K
}
Event: 32.555 GC heap before
{Heap before GC invocations=21 (full 1):
 PSYoungGen      total 324608K, used 311566K [0x00000000db100000, 0x00000000f0180000, 0x0000000100000000)
  eden space 310784K, 100% used [0x00000000db100000,0x00000000ee080000,0x00000000ee080000)
  from space 13824K, 5% used [0x00000000ee080000,0x00000000ee143890,0x00000000eee00000)
  to   space 12800K, 0% used [0x00000000ef500000,0x00000000ef500000,0x00000000f0180000)
 ParOldGen       total 83456K, used 25911K [0x0000000091200000, 0x0000000096380000, 0x00000000db100000)
  object space 83456K, 31% used [0x0000000091200000,0x0000000092b4dd70,0x0000000096380000)
 Metaspace       used 23140K, capacity 23439K, committed 23552K, reserved 1071104K
  class space    used 2710K, capacity 2780K, committed 2816K, reserved 1048576K
Event: 32.557 GC heap after
Heap after GC invocations=21 (full 1):
 PSYoungGen      total 329728K, used 750K [0x00000000db100000, 0x00000000f0000000, 0x0000000100000000)
  eden space 318464K, 0% used [0x00000000db100000,0x00000000db100000,0x00000000ee800000)
  from space 11264K, 6% used [0x00000000ef500000,0x00000000ef5bb890,0x00000000f0000000)
  to   space 12288K, 0% used [0x00000000ee800000,0x00000000ee800000,0x00000000ef400000)
 ParOldGen       total 83456K, used 25911K [0x0000000091200000, 0x0000000096380000, 0x00000000db100000)
  object space 83456K, 31% used [0x0000000091200000,0x0000000092b4dd70,0x0000000096380000)
 Metaspace       used 23140K, capacity 23439K, committed 23552K, reserved 1071104K
  class space    used 2710K, capacity 2780K, committed 2816K, reserved 1048576K
}
Event: 34.558 GC heap before
{Heap before GC invocations=22 (full 1):
 PSYoungGen      total 329728K, used 319214K [0x00000000db100000, 0x00000000f0000000, 0x0000000100000000)
  eden space 318464K, 100% used [0x00000000db100000,0x00000000ee800000,0x00000000ee800000)
  from space 11264K, 6% used [0x00000000ef500000,0x00000000ef5bb890,0x00000000f0000000)
  to   space 12288K, 0% used [0x00000000ee800000,0x00000000ee800000,0x00000000ef400000)
 ParOldGen       total 83456K, used 25911K [0x0000000091200000, 0x0000000096380000, 0x00000000db100000)
  object space 83456K, 31% used [0x0000000091200000,0x0000000092b4dd70,0x0000000096380000)
 Metaspace       used 23140K, capacity 23439K, committed 23552K, reserved 1071104K
  class space    used 2710K, capacity 2780K, committed 2816K, reserved 1048576K
Event: 34.560 GC heap after
Heap after GC invocations=22 (full 1):
 PSYoungGen      total 330752K, used 288K [0x00000000db100000, 0x00000000f0000000, 0x0000000100000000)
  eden space 318464K, 0% used [0x00000000db100000,0x00000000db100000,0x00000000ee800000)
  from space 12288K, 2% used [0x00000000ee800000,0x00000000ee848000,0x00000000ef400000)
  to   space 11264K, 0% used [0x00000000ef500000,0x00000000ef500000,0x00000000f0000000)
 ParOldGen       total 83456K, used 26475K [0x0000000091200000, 0x0000000096380000, 0x00000000db100000)
  object space 83456K, 31% used [0x0000000091200000,0x0000000092bdac08,0x0000000096380000)
 Metaspace       used 23140K, capacity 23439K, committed 23552K, reserved 1071104K
  class space    used 2710K, capacity 2780K, committed 2816K, reserved 1048576K
}
Event: 36.436 GC heap before
{Heap before GC invocations=23 (full 1):
 PSYoungGen      total 330752K, used 318752K [0x00000000db100000, 0x00000000f0000000, 0x0000000100000000)
  eden space 318464K, 100% used [0x00000000db100000,0x00000000ee800000,0x00000000ee800000)
  from space 12288K, 2% used [0x00000000ee800000,0x00000000ee848000,0x00000000ef400000)
  to   space 11264K, 0% used [0x00000000ef500000,0x00000000ef500000,0x00000000f0000000)
 ParOldGen       total 83456K, used 26475K [0x0000000091200000, 0x0000000096380000, 0x00000000db100000)
  object space 83456K, 31% used [0x0000000091200000,0x0000000092bdac08,0x0000000096380000)
 Metaspace       used 23141K, capacity 23439K, committed 23552K, reserved 1071104K
  class space    used 2710K, capacity 2780K, committed 2816K, reserved 1048576K
Event: 36.437 GC heap after
Heap after GC invocations=23 (full 1):
 PSYoungGen      total 331776K, used 256K [0x00000000db100000, 0x00000000f0500000, 0x0000000100000000)
  eden space 320512K, 0% used [0x00000000db100000,0x00000000db100000,0x00000000eea00000)
  from space 11264K, 2% used [0x00000000ef500000,0x00000000ef540000,0x00000000f0000000)
  to   space 11264K, 0% used [0x00000000eea00000,0x00000000eea00000,0x00000000ef500000)
 ParOldGen       total 83456K, used 26531K [0x0000000091200000, 0x0000000096380000, 0x00000000db100000)
  object space 83456K, 31% used [0x0000000091200000,0x0000000092be8c08,0x0000000096380000)
 Metaspace       used 23141K, capacity 23439K, committed 23552K, reserved 1071104K
  class space    used 2710K, capacity 2780K, committed 2816K, reserved 1048576K
}
Event: 38.340 GC heap before
{Heap before GC invocations=24 (full 1):
 PSYoungGen      total 331776K, used 320768K [0x00000000db100000, 0x00000000f0500000, 0x0000000100000000)
  eden space 320512K, 100% used [0x00000000db100000,0x00000000eea00000,0x00000000eea00000)
  from space 11264K, 2% used [0x00000000ef500000,0x00000000ef540000,0x00000000f0000000)
  to   space 11264K, 0% used [0x00000000eea00000,0x00000000eea00000,0x00000000ef500000)
 ParOldGen       total 83456K, used 26531K [0x0000000091200000, 0x0000000096380000, 0x00000000db100000)
  object space 83456K, 31% used [0x0000000091200000,0x0000000092be8c08,0x0000000096380000)
 Metaspace       used 23141K, capacity 23439K, committed 23552K, reserved 1071104K
  class space    used 2710K, capacity 2780K, committed 2816K, reserved 1048576K
Event: 38.342 GC heap after
Heap after GC invocations=24 (full 1):
 PSYoungGen      total 331776K, used 224K [0x00000000db100000, 0x00000000f0580000, 0x0000000100000000)
  eden space 320512K, 0% used [0x00000000db100000,0x00000000db100000,0x00000000eea00000)
  from space 11264K, 1% used [0x00000000eea00000,0x00000000eea38000,0x00000000ef500000)
  to   space 10752K, 0% used [0x00000000efb00000,0x00000000efb00000,0x00000000f0580000)
 ParOldGen       total 83456K, used 26571K [0x0000000091200000, 0x0000000096380000, 0x00000000db100000)
  object space 83456K, 31% used [0x0000000091200000,0x0000000092bf2c08,0x0000000096380000)
 Metaspace       used 23141K, capacity 23439K, committed 23552K, reserved 1071104K
  class space    used 2710K, capacity 2780K, committed 2816K, reserved 1048576K
}

