# JRE version: OpenJDK Runtime Environment (8.0_232-b09) (build 1.8.0_232-b09)
# Java VM: OpenJDK 64-Bit Server VM (25.232-b09 mixed mode windows-amd64 compressed oops)
Heap:
 PSYoungGen      total 119296K, used 19244K [0x00000000db100000, 0x00000000eb500000, 0x0000000100000000)
  eden space 114688K, 16% used [0x00000000db100000,0x00000000dc3cb140,0x00000000e2100000)
  from space 4608K, 0% used [0x00000000e2100000,0x00000000e2100000,0x00000000e2580000)
  to   space 18432K, 0% used [0x00000000ea300000,0x00000000ea300000,0x00000000eb500000)
 ParOldGen       total 81920K, used 26344K [0x0000000091200000, 0x0000000096200000, 0x00000000db100000)
  object space 81920K, 32% used [0x0000000091200000,0x0000000092bba178,0x0000000096200000)
 Metaspace       used 22647K, capacity 22895K, committed 23216K, reserved 1069056K
  class space    used 2681K, capacity 2736K, committed 2816K, reserved 1048576K
GC Heap History (10 events):
Event: 1.228 GC heap before
{Heap before GC invocations=2 (full 0):
 PSYoungGen      total 33280K, used 33266K [0x00000000db100000, 0x00000000df200000, 0x0000000100000000)
  eden space 28672K, 100% used [0x00000000db100000,0x00000000dcd00000,0x00000000dcd00000)
  from space 4608K, 99% used [0x00000000dcd00000,0x00000000dd17ca58,0x00000000dd180000)
  to   space 4608K, 0% used [0x00000000ded80000,0x00000000ded80000,0x00000000df200000)
 ParOldGen       total 76800K, used 805K [0x0000000091200000, 0x0000000095d00000, 0x00000000db100000)
  object space 76800K, 1% used [0x0000000091200000,0x00000000912c96a0,0x0000000095d00000)
 Metaspace       used 8466K, capacity 8586K, committed 8832K, reserved 1056768K
  class space    used 1005K, capacity 1045K, committed 1152K, reserved 1048576K
Event: 1.241 GC heap after
Heap after GC invocations=2 (full 0):
 PSYoungGen      total 61952K, used 4587K [0x00000000db100000, 0x00000000df200000, 0x0000000100000000)
  eden space 57344K, 0% used [0x00000000db100000,0x00000000db100000,0x00000000de900000)
  from space 4608K, 99% used [0x00000000ded80000,0x00000000df1faf80,0x00000000df200000)
  to   space 4608K, 0% used [0x00000000de900000,0x00000000de900000,0x00000000ded80000)
 ParOldGen       total 76800K, used 7280K [0x0000000091200000, 0x0000000095d00000, 0x00000000db100000)
  object space 76800K, 9% used [0x0000000091200000,0x000000009191c018,0x0000000095d00000)
 Metaspace       used 8466K, capacity 8586K, committed 8832K, reserved 1056768K
  class space    used 1005K, capacity 1045K, committed 1152K, reserved 1048576K
}
Event: 2.133 GC heap before
{Heap before GC invocations=3 (full 0):
 PSYoungGen      total 61952K, used 61931K [0x00000000db100000, 0x00000000df200000, 0x0000000100000000)
  eden space 57344K, 100% used [0x00000000db100000,0x00000000de900000,0x00000000de900000)
  from space 4608K, 99% used [0x00000000ded80000,0x00000000df1faf80,0x00000000df200000)
  to   space 4608K, 0% used [0x00000000de900000,0x00000000de900000,0x00000000ded80000)
 ParOldGen       total 76800K, used 7280K [0x0000000091200000, 0x0000000095d00000, 0x00000000db100000)
  object space 76800K, 9% used [0x0000000091200000,0x000000009191c018,0x0000000095d00000)
 Metaspace       used 13409K, capacity 13510K, committed 13568K, reserved 1060864K
  class space    used 1695K, capacity 1759K, committed 1792K, reserved 1048576K
Event: 2.152 GC heap after
Heap after GC invocations=3 (full 0):
 PSYoungGen      total 61952K, used 4605K [0x00000000db100000, 0x00000000e2a00000, 0x0000000100000000)
  eden space 57344K, 0% used [0x00000000db100000,0x00000000db100000,0x00000000de900000)
  from space 4608K, 99% used [0x00000000de900000,0x00000000ded7f5a0,0x00000000ded80000)
  to   space 4608K, 0% used [0x00000000e2580000,0x00000000e2580000,0x00000000e2a00000)
 ParOldGen       total 76800K, used 18626K [0x0000000091200000, 0x0000000095d00000, 0x00000000db100000)
  object space 76800K, 24% used [0x0000000091200000,0x0000000092430820,0x0000000095d00000)
 Metaspace       used 13409K, capacity 13510K, committed 13568K, reserved 1060864K
  class space    used 1695K, capacity 1759K, committed 1792K, reserved 1048576K
}
Event: 3.826 GC heap before
{Heap before GC invocations=4 (full 0):
 PSYoungGen      total 61952K, used 61949K [0x00000000db100000, 0x00000000e2a00000, 0x0000000100000000)
  eden space 57344K, 100% used [0x00000000db100000,0x00000000de900000,0x00000000de900000)
  from space 4608K, 99% used [0x00000000de900000,0x00000000ded7f5a0,0x00000000ded80000)
  to   space 4608K, 0% used [0x00000000e2580000,0x00000000e2580000,0x00000000e2a00000)
 ParOldGen       total 76800K, used 18626K [0x0000000091200000, 0x0000000095d00000, 0x00000000db100000)
  object space 76800K, 24% used [0x0000000091200000,0x0000000092430820,0x0000000095d00000)
 Metaspace       used 19127K, capacity 19428K, committed 19712K, reserved 1067008K
  class space    used 2424K, capacity 2500K, committed 2560K, reserved 1048576K
Event: 3.857 GC heap after
Heap after GC invocations=4 (full 0):
 PSYoungGen      total 119296K, used 4602K [0x00000000db100000, 0x00000000e2a00000, 0x0000000100000000)
  eden space 114688K, 0% used [0x00000000db100000,0x00000000db100000,0x00000000e2100000)
  from space 4608K, 99% used [0x00000000e2580000,0x00000000e29feae0,0x00000000e2a00000)
  to   space 4608K, 0% used [0x00000000e2100000,0x00000000e2100000,0x00000000e2580000)
 ParOldGen       total 76800K, used 26509K [0x0000000091200000, 0x0000000095d00000, 0x00000000db100000)
  object space 76800K, 34% used [0x0000000091200000,0x0000000092be3438,0x0000000095d00000)
 Metaspace       used 19127K, capacity 19428K, committed 19712K, reserved 1067008K
  class space    used 2424K, capacity 2500K, committed 2560K, reserved 1048576K
}
Event: 4.871 GC heap before
{Heap before GC invocations=5 (full 0):
 PSYoungGen      total 119296K, used 57685K [0x00000000db100000, 0x00000000e2a00000, 0x0000000100000000)
  eden space 114688K, 46% used [0x00000000db100000,0x00000000de4d6ba8,0x00000000e2100000)
  from space 4608K, 99% used [0x00000000e2580000,0x00000000e29feae0,0x00000000e2a00000)
  to   space 4608K, 0% used [0x00000000e2100000,0x00000000e2100000,0x00000000e2580000)
 ParOldGen       total 76800K, used 26509K [0x0000000091200000, 0x0000000095d00000, 0x00000000db100000)
  object space 76800K, 34% used [0x0000000091200000,0x0000000092be3438,0x0000000095d00000)
 Metaspace       used 20957K, capacity 21158K, committed 21296K, reserved 1069056K
  class space    used 2588K, capacity 2639K, committed 2688K, reserved 1048576K
Event: 4.882 GC heap after
Heap after GC invocations=5 (full 0):
 PSYoungGen      total 119296K, used 4576K [0x00000000db100000, 0x00000000eb500000, 0x0000000100000000)
  eden space 114688K, 0% used [0x00000000db100000,0x00000000db100000,0x00000000e2100000)
  from space 4608K, 99% used [0x00000000e2100000,0x00000000e2578060,0x00000000e2580000)
  to   space 18432K, 0% used [0x00000000ea300000,0x00000000ea300000,0x00000000eb500000)
 ParOldGen       total 76800K, used 28861K [0x0000000091200000, 0x0000000095d00000, 0x00000000db100000)
  object space 76800K, 37% used [0x0000000091200000,0x0000000092e2f528,0x0000000095d00000)
 Metaspace       used 20957K, capacity 21158K, committed 21296K, reserved 1069056K
  class space    used 2588K, capacity 2639K, committed 2688K, reserved 1048576K
}
Event: 4.882 GC heap before
{Heap before GC invocations=6 (full 1):
 PSYoungGen      total 119296K, used 4576K [0x00000000db100000, 0x00000000eb500000, 0x0000000100000000)
  eden space 114688K, 0% used [0x00000000db100000,0x00000000db100000,0x00000000e2100000)
  from space 4608K, 99% used [0x00000000e2100000,0x00000000e2578060,0x00000000e2580000)
  to   space 18432K, 0% used [0x00000000ea300000,0x00000000ea300000,0x00000000eb500000)
 ParOldGen       total 76800K, used 28861K [0x0000000091200000, 0x0000000095d00000, 0x00000000db100000)
  object space 76800K, 37% used [0x0000000091200000,0x0000000092e2f528,0x0000000095d00000)
 Metaspace       used 20957K, capacity 21158K, committed 21296K, reserved 1069056K
  class space    used 2588K, capacity 2639K, committed 2688K, reserved 1048576K
Event: 4.958 GC heap after
Heap after GC invocations=6 (full 1):
 PSYoungGen      total 119296K, used 0K [0x00000000db100000, 0x00000000eb500000, 0x0000000100000000)
  eden space 114688K, 0% used [0x00000000db100000,0x00000000db100000,0x00000000e2100000)
  from space 4608K, 0% used [0x00000000e2100000,0x00000000e2100000,0x00000000e2580000)
  to   space 18432K, 0% used [0x00000000ea300000,0x00000000ea300000,0x00000000eb500000)
 ParOldGen       total 81920K, used 26344K [0x0000000091200000, 0x0000000096200000, 0x00000000db100000)
  object space 81920K, 32% used [0x0000000091200000,0x0000000092bba178,0x0000000096200000)
 Metaspace       used 20957K, capacity 21158K, committed 21296K, reserved 1069056K
  class space    used 2588K, capacity 2639K, committed 2688K, reserved 1048576K
}

