# JRE version: OpenJDK Runtime Environment (8.0_232-b09) (build 1.8.0_232-b09)
# Java VM: OpenJDK 64-Bit Server VM (25.232-b09 mixed mode windows-amd64 compressed oops)
Heap:
 PSYoungGen      total 172544K, used 42977K [0x00000000db100000, 0x00000000e6f00000, 0x0000000100000000)
  eden space 161792K, 26% used [0x00000000db100000,0x00000000dda4cbc8,0x00000000e4f00000)
  from space 10752K, 6% used [0x00000000e6480000,0x00000000e652b890,0x00000000e6f00000)
  to   space 16384K, 0% used [0x00000000e4f00000,0x00000000e4f00000,0x00000000e5f00000)
 ParOldGen       total 76800K, used 23445K [0x0000000091200000, 0x0000000095d00000, 0x00000000db100000)
  object space 76800K, 30% used [0x0000000091200000,0x00000000928e55e0,0x0000000095d00000)
 Metaspace       used 22890K, capacity 23165K, committed 23296K, reserved 1069056K
  class space    used 2689K, capacity 2749K, committed 2816K, reserved 1048576K
GC Heap History (10 events):
Event: 3.875 GC heap before
{Heap before GC invocations=5 (full 0):
 PSYoungGen      total 61952K, used 61946K [0x00000000db100000, 0x00000000df200000, 0x0000000100000000)
  eden space 57344K, 100% used [0x00000000db100000,0x00000000de900000,0x00000000de900000)
  from space 4608K, 99% used [0x00000000ded80000,0x00000000df1feaf0,0x00000000df200000)
  to   space 4608K, 0% used [0x00000000de900000,0x00000000de900000,0x00000000ded80000)
 ParOldGen       total 76800K, used 18265K [0x0000000091200000, 0x0000000095d00000, 0x00000000db100000)
  object space 76800K, 23% used [0x0000000091200000,0x00000000923d6698,0x0000000095d00000)
 Metaspace       used 19130K, capacity 19428K, committed 19712K, reserved 1067008K
  class space    used 2420K, capacity 2500K, committed 2560K, reserved 1048576K
Event: 3.900 GC heap after
Heap after GC invocations=5 (full 0):
 PSYoungGen      total 61952K, used 4591K [0x00000000db100000, 0x00000000e3e00000, 0x0000000100000000)
  eden space 57344K, 0% used [0x00000000db100000,0x00000000db100000,0x00000000de900000)
  from space 4608K, 99% used [0x00000000de900000,0x00000000ded7bfd0,0x00000000ded80000)
  to   space 14848K, 0% used [0x00000000e2f80000,0x00000000e2f80000,0x00000000e3e00000)
 ParOldGen       total 76800K, used 26599K [0x0000000091200000, 0x0000000095d00000, 0x00000000db100000)
  object space 76800K, 34% used [0x0000000091200000,0x0000000092bf9c20,0x0000000095d00000)
 Metaspace       used 19130K, capacity 19428K, committed 19712K, reserved 1067008K
  class space    used 2420K, capacity 2500K, committed 2560K, reserved 1048576K
}
Event: 4.879 GC heap before
{Heap before GC invocations=6 (full 0):
 PSYoungGen      total 61952K, used 55379K [0x00000000db100000, 0x00000000e3e00000, 0x0000000100000000)
  eden space 57344K, 88% used [0x00000000db100000,0x00000000de298fe8,0x00000000de900000)
  from space 4608K, 99% used [0x00000000de900000,0x00000000ded7bfd0,0x00000000ded80000)
  to   space 14848K, 0% used [0x00000000e2f80000,0x00000000e2f80000,0x00000000e3e00000)
 ParOldGen       total 76800K, used 26599K [0x0000000091200000, 0x0000000095d00000, 0x00000000db100000)
  object space 76800K, 34% used [0x0000000091200000,0x0000000092bf9c20,0x0000000095d00000)
 Metaspace       used 20952K, capacity 21158K, committed 21296K, reserved 1069056K
  class space    used 2584K, capacity 2639K, committed 2688K, reserved 1048576K
Event: 4.890 GC heap after
Heap after GC invocations=6 (full 0):
 PSYoungGen      total 129536K, used 5985K [0x00000000db100000, 0x00000000e3e00000, 0x0000000100000000)
  eden space 114688K, 0% used [0x00000000db100000,0x00000000db100000,0x00000000e2100000)
  from space 14848K, 40% used [0x00000000e2f80000,0x00000000e3558658,0x00000000e3e00000)
  to   space 14848K, 0% used [0x00000000e2100000,0x00000000e2100000,0x00000000e2f80000)
 ParOldGen       total 76800K, used 26607K [0x0000000091200000, 0x0000000095d00000, 0x00000000db100000)
  object space 76800K, 34% used [0x0000000091200000,0x0000000092bfbc20,0x0000000095d00000)
 Metaspace       used 20952K, capacity 21158K, committed 21296K, reserved 1069056K
  class space    used 2584K, capacity 2639K, committed 2688K, reserved 1048576K
}
Event: 4.890 GC heap before
{Heap before GC invocations=7 (full 1):
 PSYoungGen      total 129536K, used 5985K [0x00000000db100000, 0x00000000e3e00000, 0x0000000100000000)
  eden space 114688K, 0% used [0x00000000db100000,0x00000000db100000,0x00000000e2100000)
  from space 14848K, 40% used [0x00000000e2f80000,0x00000000e3558658,0x00000000e3e00000)
  to   space 14848K, 0% used [0x00000000e2100000,0x00000000e2100000,0x00000000e2f80000)
 ParOldGen       total 76800K, used 26607K [0x0000000091200000, 0x0000000095d00000, 0x00000000db100000)
  object space 76800K, 34% used [0x0000000091200000,0x0000000092bfbc20,0x0000000095d00000)
 Metaspace       used 20952K, capacity 21158K, committed 21296K, reserved 1069056K
  class space    used 2584K, capacity 2639K, committed 2688K, reserved 1048576K
Event: 4.971 GC heap after
Heap after GC invocations=7 (full 1):
 PSYoungGen      total 129536K, used 0K [0x00000000db100000, 0x00000000e3e00000, 0x0000000100000000)
  eden space 114688K, 0% used [0x00000000db100000,0x00000000db100000,0x00000000e2100000)
  from space 14848K, 0% used [0x00000000e2f80000,0x00000000e2f80000,0x00000000e3e00000)
  to   space 14848K, 0% used [0x00000000e2100000,0x00000000e2100000,0x00000000e2f80000)
 ParOldGen       total 76800K, used 23429K [0x0000000091200000, 0x0000000095d00000, 0x00000000db100000)
  object space 76800K, 30% used [0x0000000091200000,0x00000000928e15e0,0x0000000095d00000)
 Metaspace       used 20952K, capacity 21158K, committed 21296K, reserved 1069056K
  class space    used 2584K, capacity 2639K, committed 2688K, reserved 1048576K
}
Event: 6.550 GC heap before
{Heap before GC invocations=8 (full 1):
 PSYoungGen      total 129536K, used 114688K [0x00000000db100000, 0x00000000e3e00000, 0x0000000100000000)
  eden space 114688K, 100% used [0x00000000db100000,0x00000000e2100000,0x00000000e2100000)
  from space 14848K, 0% used [0x00000000e2f80000,0x00000000e2f80000,0x00000000e3e00000)
  to   space 14848K, 0% used [0x00000000e2100000,0x00000000e2100000,0x00000000e2f80000)
 ParOldGen       total 76800K, used 23429K [0x0000000091200000, 0x0000000095d00000, 0x00000000db100000)
  object space 76800K, 30% used [0x0000000091200000,0x00000000928e15e0,0x0000000095d00000)
 Metaspace       used 22809K, capacity 23101K, committed 23216K, reserved 1069056K
  class space    used 2688K, capacity 2749K, committed 2816K, reserved 1048576K
Event: 6.553 GC heap after
Heap after GC invocations=8 (full 1):
 PSYoungGen      total 129536K, used 1686K [0x00000000db100000, 0x00000000e7400000, 0x0000000100000000)
  eden space 114688K, 0% used [0x00000000db100000,0x00000000db100000,0x00000000e2100000)
  from space 14848K, 11% used [0x00000000e2100000,0x00000000e22a5ba0,0x00000000e2f80000)
  to   space 15872K, 0% used [0x00000000e6480000,0x00000000e6480000,0x00000000e7400000)
 ParOldGen       total 76800K, used 23437K [0x0000000091200000, 0x0000000095d00000, 0x00000000db100000)
  object space 76800K, 30% used [0x0000000091200000,0x00000000928e35e0,0x0000000095d00000)
 Metaspace       used 22809K, capacity 23101K, committed 23216K, reserved 1069056K
  class space    used 2688K, capacity 2749K, committed 2816K, reserved 1048576K
}
Event: 7.522 GC heap before
{Heap before GC invocations=9 (full 1):
 PSYoungGen      total 129536K, used 116374K [0x00000000db100000, 0x00000000e7400000, 0x0000000100000000)
  eden space 114688K, 100% used [0x00000000db100000,0x00000000e2100000,0x00000000e2100000)
  from space 14848K, 11% used [0x00000000e2100000,0x00000000e22a5ba0,0x00000000e2f80000)
  to   space 15872K, 0% used [0x00000000e6480000,0x00000000e6480000,0x00000000e7400000)
 ParOldGen       total 76800K, used 23437K [0x0000000091200000, 0x0000000095d00000, 0x00000000db100000)
  object space 76800K, 30% used [0x0000000091200000,0x00000000928e35e0,0x0000000095d00000)
 Metaspace       used 22879K, capacity 23165K, committed 23296K, reserved 1069056K
  class space    used 2689K, capacity 2749K, committed 2816K, reserved 1048576K
Event: 7.525 GC heap after
Heap after GC invocations=9 (full 1):
 PSYoungGen      total 172544K, used 686K [0x00000000db100000, 0x00000000e6f00000, 0x0000000100000000)
  eden space 161792K, 0% used [0x00000000db100000,0x00000000db100000,0x00000000e4f00000)
  from space 10752K, 6% used [0x00000000e6480000,0x00000000e652b890,0x00000000e6f00000)
  to   space 16384K, 0% used [0x00000000e4f00000,0x00000000e4f00000,0x00000000e5f00000)
 ParOldGen       total 76800K, used 23445K [0x0000000091200000, 0x0000000095d00000, 0x00000000db100000)
  object space 76800K, 30% used [0x0000000091200000,0x00000000928e55e0,0x0000000095d00000)
 Metaspace       used 22879K, capacity 23165K, committed 23296K, reserved 1069056K
  class space    used 2689K, capacity 2749K, committed 2816K, reserved 1048576K
}

