# JRE version: OpenJDK Runtime Environment (8.0_232-b09) (build 1.8.0_232-b09)
# Java VM: OpenJDK 64-Bit Server VM (25.232-b09 mixed mode windows-amd64 compressed oops)
Heap:
 PSYoungGen      total 265728K, used 170842K [0x00000000db100000, 0x00000000ecd80000, 0x0000000100000000)
  eden space 251392K, 67% used [0x00000000db100000,0x00000000e56bb318,0x00000000ea680000)
  from space 14336K, 7% used [0x00000000ea680000,0x00000000ea79b890,0x00000000eb480000)
  to   space 13824K, 0% used [0x00000000ec000000,0x00000000ec000000,0x00000000ecd80000)
 ParOldGen       total 77312K, used 23512K [0x0000000091200000, 0x0000000095d80000, 0x00000000db100000)
  object space 77312K, 30% used [0x0000000091200000,0x00000000928f63f8,0x0000000095d80000)
 Metaspace       used 23209K, capacity 23541K, committed 23808K, reserved 1071104K
  class space    used 2711K, capacity 2785K, committed 2816K, reserved 1048576K
GC Heap History (10 events):
Event: 12.985 GC heap before
{Heap before GC invocations=14 (full 1):
 PSYoungGen      total 224768K, used 213806K [0x00000000db100000, 0x00000000ea100000, 0x0000000100000000)
  eden space 212992K, 100% used [0x00000000db100000,0x00000000e8100000,0x00000000e8100000)
  from space 11776K, 6% used [0x00000000e9580000,0x00000000e964b890,0x00000000ea100000)
  to   space 16384K, 0% used [0x00000000e8100000,0x00000000e8100000,0x00000000e9100000)
 ParOldGen       total 77312K, used 23480K [0x0000000091200000, 0x0000000095d80000, 0x00000000db100000)
  object space 77312K, 30% used [0x0000000091200000,0x00000000928ee3f8,0x0000000095d80000)
 Metaspace       used 23005K, capacity 23317K, committed 23552K, reserved 1071104K
  class space    used 2695K, capacity 2753K, committed 2816K, reserved 1048576K
Event: 12.987 GC heap after
Heap after GC invocations=14 (full 1):
 PSYoungGen      total 229376K, used 846K [0x00000000db100000, 0x00000000eb800000, 0x0000000100000000)
  eden space 212992K, 0% used [0x00000000db100000,0x00000000db100000,0x00000000e8100000)
  from space 16384K, 5% used [0x00000000e8100000,0x00000000e81d3890,0x00000000e9100000)
  to   space 16384K, 0% used [0x00000000ea800000,0x00000000ea800000,0x00000000eb800000)
 ParOldGen       total 77312K, used 23488K [0x0000000091200000, 0x0000000095d80000, 0x00000000db100000)
  object space 77312K, 30% used [0x0000000091200000,0x00000000928f03f8,0x0000000095d80000)
 Metaspace       used 23005K, capacity 23317K, committed 23552K, reserved 1071104K
  class space    used 2695K, capacity 2753K, committed 2816K, reserved 1048576K
}
Event: 14.235 GC heap before
{Heap before GC invocations=15 (full 1):
 PSYoungGen      total 229376K, used 213838K [0x00000000db100000, 0x00000000eb800000, 0x0000000100000000)
  eden space 212992K, 100% used [0x00000000db100000,0x00000000e8100000,0x00000000e8100000)
  from space 16384K, 5% used [0x00000000e8100000,0x00000000e81d3890,0x00000000e9100000)
  to   space 16384K, 0% used [0x00000000ea800000,0x00000000ea800000,0x00000000eb800000)
 ParOldGen       total 77312K, used 23488K [0x0000000091200000, 0x0000000095d80000, 0x00000000db100000)
  object space 77312K, 30% used [0x0000000091200000,0x00000000928f03f8,0x0000000095d80000)
 Metaspace       used 23028K, capacity 23317K, committed 23552K, reserved 1071104K
  class space    used 2695K, capacity 2753K, committed 2816K, reserved 1048576K
Event: 14.237 GC heap after
Heap after GC invocations=15 (full 1):
 PSYoungGen      total 245760K, used 942K [0x00000000db100000, 0x00000000eb400000, 0x0000000100000000)
  eden space 233472K, 0% used [0x00000000db100000,0x00000000db100000,0x00000000e9500000)
  from space 12288K, 7% used [0x00000000ea800000,0x00000000ea8eb890,0x00000000eb400000)
  to   space 15872K, 0% used [0x00000000e9500000,0x00000000e9500000,0x00000000ea480000)
 ParOldGen       total 77312K, used 23496K [0x0000000091200000, 0x0000000095d80000, 0x00000000db100000)
  object space 77312K, 30% used [0x0000000091200000,0x00000000928f23f8,0x0000000095d80000)
 Metaspace       used 23028K, capacity 23317K, committed 23552K, reserved 1071104K
  class space    used 2695K, capacity 2753K, committed 2816K, reserved 1048576K
}
Event: 15.550 GC heap before
{Heap before GC invocations=16 (full 1):
 PSYoungGen      total 245760K, used 234414K [0x00000000db100000, 0x00000000eb400000, 0x0000000100000000)
  eden space 233472K, 100% used [0x00000000db100000,0x00000000e9500000,0x00000000e9500000)
  from space 12288K, 7% used [0x00000000ea800000,0x00000000ea8eb890,0x00000000eb400000)
  to   space 15872K, 0% used [0x00000000e9500000,0x00000000e9500000,0x00000000ea480000)
 ParOldGen       total 77312K, used 23496K [0x0000000091200000, 0x0000000095d80000, 0x00000000db100000)
  object space 77312K, 30% used [0x0000000091200000,0x00000000928f23f8,0x0000000095d80000)
 Metaspace       used 23030K, capacity 23317K, committed 23552K, reserved 1071104K
  class space    used 2695K, capacity 2753K, committed 2816K, reserved 1048576K
Event: 15.553 GC heap after
Heap after GC invocations=16 (full 1):
 PSYoungGen      total 249344K, used 942K [0x00000000db100000, 0x00000000ec580000, 0x0000000100000000)
  eden space 233472K, 0% used [0x00000000db100000,0x00000000db100000,0x00000000e9500000)
  from space 15872K, 5% used [0x00000000e9500000,0x00000000e95eb890,0x00000000ea480000)
  to   space 14848K, 0% used [0x00000000eb700000,0x00000000eb700000,0x00000000ec580000)
 ParOldGen       total 77312K, used 23504K [0x0000000091200000, 0x0000000095d80000, 0x00000000db100000)
  object space 77312K, 30% used [0x0000000091200000,0x00000000928f43f8,0x0000000095d80000)
 Metaspace       used 23030K, capacity 23317K, committed 23552K, reserved 1071104K
  class space    used 2695K, capacity 2753K, committed 2816K, reserved 1048576K
}
Event: 16.875 GC heap before
{Heap before GC invocations=17 (full 1):
 PSYoungGen      total 249344K, used 234414K [0x00000000db100000, 0x00000000ec580000, 0x0000000100000000)
  eden space 233472K, 100% used [0x00000000db100000,0x00000000e9500000,0x00000000e9500000)
  from space 15872K, 5% used [0x00000000e9500000,0x00000000e95eb890,0x00000000ea480000)
  to   space 14848K, 0% used [0x00000000eb700000,0x00000000eb700000,0x00000000ec580000)
 ParOldGen       total 77312K, used 23504K [0x0000000091200000, 0x0000000095d80000, 0x00000000db100000)
  object space 77312K, 30% used [0x0000000091200000,0x00000000928f43f8,0x0000000095d80000)
 Metaspace       used 23059K, capacity 23381K, committed 23552K, reserved 1071104K
  class space    used 2695K, capacity 2753K, committed 2816K, reserved 1048576K
Event: 16.877 GC heap after
Heap after GC invocations=17 (full 1):
 PSYoungGen      total 263168K, used 1070K [0x00000000db100000, 0x00000000ec280000, 0x0000000100000000)
  eden space 251392K, 0% used [0x00000000db100000,0x00000000db100000,0x00000000ea680000)
  from space 11776K, 9% used [0x00000000eb700000,0x00000000eb80b890,0x00000000ec280000)
  to   space 14336K, 0% used [0x00000000ea680000,0x00000000ea680000,0x00000000eb480000)
 ParOldGen       total 77312K, used 23512K [0x0000000091200000, 0x0000000095d80000, 0x00000000db100000)
  object space 77312K, 30% used [0x0000000091200000,0x00000000928f63f8,0x0000000095d80000)
 Metaspace       used 23059K, capacity 23381K, committed 23552K, reserved 1071104K
  class space    used 2695K, capacity 2753K, committed 2816K, reserved 1048576K
}
Event: 18.178 GC heap before
{Heap before GC invocations=18 (full 1):
 PSYoungGen      total 263168K, used 252462K [0x00000000db100000, 0x00000000ec280000, 0x0000000100000000)
  eden space 251392K, 100% used [0x00000000db100000,0x00000000ea680000,0x00000000ea680000)
  from space 11776K, 9% used [0x00000000eb700000,0x00000000eb80b890,0x00000000ec280000)
  to   space 14336K, 0% used [0x00000000ea680000,0x00000000ea680000,0x00000000eb480000)
 ParOldGen       total 77312K, used 23512K [0x0000000091200000, 0x0000000095d80000, 0x00000000db100000)
  object space 77312K, 30% used [0x0000000091200000,0x00000000928f63f8,0x0000000095d80000)
 Metaspace       used 23061K, capacity 23381K, committed 23552K, reserved 1071104K
  class space    used 2695K, capacity 2753K, committed 2816K, reserved 1048576K
Event: 18.181 GC heap after
Heap after GC invocations=18 (full 1):
 PSYoungGen      total 265728K, used 1134K [0x00000000db100000, 0x00000000ecd80000, 0x0000000100000000)
  eden space 251392K, 0% used [0x00000000db100000,0x00000000db100000,0x00000000ea680000)
  from space 14336K, 7% used [0x00000000ea680000,0x00000000ea79b890,0x00000000eb480000)
  to   space 13824K, 0% used [0x00000000ec000000,0x00000000ec000000,0x00000000ecd80000)
 ParOldGen       total 77312K, used 23512K [0x0000000091200000, 0x0000000095d80000, 0x00000000db100000)
  object space 77312K, 30% used [0x0000000091200000,0x00000000928f63f8,0x0000000095d80000)
 Metaspace       used 23061K, capacity 23381K, committed 23552K, reserved 1071104K
  class space    used 2695K, capacity 2753K, committed 2816K, reserved 1048576K
}

