# JRE version: OpenJDK Runtime Environment (8.0_232-b09) (build 1.8.0_232-b09)
# Java VM: OpenJDK 64-Bit Server VM (25.232-b09 mixed mode windows-amd64 compressed oops)
Heap:
 PSYoungGen      total 119296K, used 764K [0x00000000db100000, 0x00000000eb300000, 0x0000000100000000)
  eden space 114688K, 0% used [0x00000000db100000,0x00000000db1bf368,0x00000000e2100000)
  from space 4608K, 0% used [0x00000000e2100000,0x00000000e2100000,0x00000000e2580000)
  to   space 17408K, 0% used [0x00000000ea200000,0x00000000ea200000,0x00000000eb300000)
 ParOldGen       total 82944K, used 25815K [0x0000000091200000, 0x0000000096300000, 0x00000000db100000)
  object space 82944K, 31% used [0x0000000091200000,0x0000000092b35e98,0x0000000096300000)
 Metaspace       used 20960K, capacity 21184K, committed 21552K, reserved 1069056K
  class space    used 2599K, capacity 2650K, committed 2688K, reserved 1048576K
GC Heap History (10 events):
Event: 1.080 GC heap before
{Heap before GC invocations=2 (full 0):
 PSYoungGen      total 33280K, used 33260K [0x00000000db100000, 0x00000000df200000, 0x0000000100000000)
  eden space 28672K, 100% used [0x00000000db100000,0x00000000dcd00000,0x00000000dcd00000)
  from space 4608K, 99% used [0x00000000dcd00000,0x00000000dd17b350,0x00000000dd180000)
  to   space 4608K, 0% used [0x00000000ded80000,0x00000000ded80000,0x00000000df200000)
 ParOldGen       total 76800K, used 851K [0x0000000091200000, 0x0000000095d00000, 0x00000000db100000)
  object space 76800K, 1% used [0x0000000091200000,0x00000000912d4e88,0x0000000095d00000)
 Metaspace       used 8459K, capacity 8578K, committed 8832K, reserved 1056768K
  class space    used 1003K, capacity 1045K, committed 1152K, reserved 1048576K
Event: 1.092 GC heap after
Heap after GC invocations=2 (full 0):
 PSYoungGen      total 61952K, used 4587K [0x00000000db100000, 0x00000000df200000, 0x0000000100000000)
  eden space 57344K, 0% used [0x00000000db100000,0x00000000db100000,0x00000000de900000)
  from space 4608K, 99% used [0x00000000ded80000,0x00000000df1faf80,0x00000000df200000)
  to   space 4608K, 0% used [0x00000000de900000,0x00000000de900000,0x00000000ded80000)
 ParOldGen       total 76800K, used 7320K [0x0000000091200000, 0x0000000095d00000, 0x00000000db100000)
  object space 76800K, 9% used [0x0000000091200000,0x0000000091926390,0x0000000095d00000)
 Metaspace       used 8459K, capacity 8578K, committed 8832K, reserved 1056768K
  class space    used 1003K, capacity 1045K, committed 1152K, reserved 1048576K
}
Event: 1.826 GC heap before
{Heap before GC invocations=3 (full 0):
 PSYoungGen      total 61952K, used 61931K [0x00000000db100000, 0x00000000df200000, 0x0000000100000000)
  eden space 57344K, 100% used [0x00000000db100000,0x00000000de900000,0x00000000de900000)
  from space 4608K, 99% used [0x00000000ded80000,0x00000000df1faf80,0x00000000df200000)
  to   space 4608K, 0% used [0x00000000de900000,0x00000000de900000,0x00000000ded80000)
 ParOldGen       total 76800K, used 7320K [0x0000000091200000, 0x0000000095d00000, 0x00000000db100000)
  object space 76800K, 9% used [0x0000000091200000,0x0000000091926390,0x0000000095d00000)
 Metaspace       used 13398K, capacity 13566K, committed 13824K, reserved 1060864K
  class space    used 1695K, capacity 1759K, committed 1792K, reserved 1048576K
Event: 1.842 GC heap after
Heap after GC invocations=3 (full 0):
 PSYoungGen      total 61952K, used 4597K [0x00000000db100000, 0x00000000e2a00000, 0x0000000100000000)
  eden space 57344K, 0% used [0x00000000db100000,0x00000000db100000,0x00000000de900000)
  from space 4608K, 99% used [0x00000000de900000,0x00000000ded7d580,0x00000000ded80000)
  to   space 4608K, 0% used [0x00000000e2580000,0x00000000e2580000,0x00000000e2a00000)
 ParOldGen       total 76800K, used 17422K [0x0000000091200000, 0x0000000095d00000, 0x00000000db100000)
  object space 76800K, 22% used [0x0000000091200000,0x0000000092303af8,0x0000000095d00000)
 Metaspace       used 13398K, capacity 13566K, committed 13824K, reserved 1060864K
  class space    used 1695K, capacity 1759K, committed 1792K, reserved 1048576K
}
Event: 3.210 GC heap before
{Heap before GC invocations=4 (full 0):
 PSYoungGen      total 61952K, used 61941K [0x00000000db100000, 0x00000000e2a00000, 0x0000000100000000)
  eden space 57344K, 100% used [0x00000000db100000,0x00000000de900000,0x00000000de900000)
  from space 4608K, 99% used [0x00000000de900000,0x00000000ded7d580,0x00000000ded80000)
  to   space 4608K, 0% used [0x00000000e2580000,0x00000000e2580000,0x00000000e2a00000)
 ParOldGen       total 76800K, used 17422K [0x0000000091200000, 0x0000000095d00000, 0x00000000db100000)
  object space 76800K, 22% used [0x0000000091200000,0x0000000092303af8,0x0000000095d00000)
 Metaspace       used 19091K, capacity 19324K, committed 19712K, reserved 1067008K
  class space    used 2426K, capacity 2484K, committed 2560K, reserved 1048576K
Event: 3.234 GC heap after
Heap after GC invocations=4 (full 0):
 PSYoungGen      total 119296K, used 4578K [0x00000000db100000, 0x00000000e2a00000, 0x0000000100000000)
  eden space 114688K, 0% used [0x00000000db100000,0x00000000db100000,0x00000000e2100000)
  from space 4608K, 99% used [0x00000000e2580000,0x00000000e29f8ae0,0x00000000e2a00000)
  to   space 4608K, 0% used [0x00000000e2100000,0x00000000e2100000,0x00000000e2580000)
 ParOldGen       total 76800K, used 24970K [0x0000000091200000, 0x0000000095d00000, 0x00000000db100000)
  object space 76800K, 32% used [0x0000000091200000,0x0000000092a62808,0x0000000095d00000)
 Metaspace       used 19091K, capacity 19324K, committed 19712K, reserved 1067008K
  class space    used 2426K, capacity 2484K, committed 2560K, reserved 1048576K
}
Event: 4.108 GC heap before
{Heap before GC invocations=5 (full 0):
 PSYoungGen      total 119296K, used 29016K [0x00000000db100000, 0x00000000e2a00000, 0x0000000100000000)
  eden space 114688K, 21% used [0x00000000db100000,0x00000000dc8dd650,0x00000000e2100000)
  from space 4608K, 99% used [0x00000000e2580000,0x00000000e29f8ae0,0x00000000e2a00000)
  to   space 4608K, 0% used [0x00000000e2100000,0x00000000e2100000,0x00000000e2580000)
 ParOldGen       total 76800K, used 24970K [0x0000000091200000, 0x0000000095d00000, 0x00000000db100000)
  object space 76800K, 32% used [0x0000000091200000,0x0000000092a62808,0x0000000095d00000)
 Metaspace       used 20919K, capacity 21120K, committed 21296K, reserved 1069056K
  class space    used 2590K, capacity 2650K, committed 2688K, reserved 1048576K
Event: 4.119 GC heap after
Heap after GC invocations=5 (full 0):
 PSYoungGen      total 119296K, used 4597K [0x00000000db100000, 0x00000000eb300000, 0x0000000100000000)
  eden space 114688K, 0% used [0x00000000db100000,0x00000000db100000,0x00000000e2100000)
  from space 4608K, 99% used [0x00000000e2100000,0x00000000e257d590,0x00000000e2580000)
  to   space 17408K, 0% used [0x00000000ea200000,0x00000000ea200000,0x00000000eb300000)
 ParOldGen       total 76800K, used 26598K [0x0000000091200000, 0x0000000095d00000, 0x00000000db100000)
  object space 76800K, 34% used [0x0000000091200000,0x0000000092bf9a18,0x0000000095d00000)
 Metaspace       used 20919K, capacity 21120K, committed 21296K, reserved 1069056K
  class space    used 2590K, capacity 2650K, committed 2688K, reserved 1048576K
}
Event: 4.119 GC heap before
{Heap before GC invocations=6 (full 1):
 PSYoungGen      total 119296K, used 4597K [0x00000000db100000, 0x00000000eb300000, 0x0000000100000000)
  eden space 114688K, 0% used [0x00000000db100000,0x00000000db100000,0x00000000e2100000)
  from space 4608K, 99% used [0x00000000e2100000,0x00000000e257d590,0x00000000e2580000)
  to   space 17408K, 0% used [0x00000000ea200000,0x00000000ea200000,0x00000000eb300000)
 ParOldGen       total 76800K, used 26598K [0x0000000091200000, 0x0000000095d00000, 0x00000000db100000)
  object space 76800K, 34% used [0x0000000091200000,0x0000000092bf9a18,0x0000000095d00000)
 Metaspace       used 20919K, capacity 21120K, committed 21296K, reserved 1069056K
  class space    used 2590K, capacity 2650K, committed 2688K, reserved 1048576K
Event: 4.204 GC heap after
Heap after GC invocations=6 (full 1):
 PSYoungGen      total 119296K, used 0K [0x00000000db100000, 0x00000000eb300000, 0x0000000100000000)
  eden space 114688K, 0% used [0x00000000db100000,0x00000000db100000,0x00000000e2100000)
  from space 4608K, 0% used [0x00000000e2100000,0x00000000e2100000,0x00000000e2580000)
  to   space 17408K, 0% used [0x00000000ea200000,0x00000000ea200000,0x00000000eb300000)
 ParOldGen       total 82944K, used 25815K [0x0000000091200000, 0x0000000096300000, 0x00000000db100000)
  object space 82944K, 31% used [0x0000000091200000,0x0000000092b35e98,0x0000000096300000)
 Metaspace       used 20919K, capacity 21120K, committed 21296K, reserved 1069056K
  class space    used 2590K, capacity 2650K, committed 2688K, reserved 1048576K
}

